android-tv-kiosk/app/build/intermediates/manifest_merge_blame_file/debug/processDebugMainManifest/manifest-merger-blame-debug-report.txt
1<?xml version="1.0" encoding="utf-8"?>
2<manifest xmlns:android="http://schemas.android.com/apk/res/android"
3    package="com.beckhome.tvwelcome"
4    android:versionCode="1"
5    android:versionName="1.0" >
6
7    <uses-sdk
8        android:minSdkVersion="21"
9        android:targetSdkVersion="34" />
10
11    <!-- TV App Requirements -->
12    <uses-feature
12-->src\main\AndroidManifest.xml:6:5-8:36
13        android:name="android.hardware.touchscreen"
13-->src\main\AndroidManifest.xml:7:9-52
14        android:required="false" />
14-->src\main\AndroidManifest.xml:8:9-33
15    <uses-feature
15-->src\main\AndroidManifest.xml:9:5-11:35
16        android:name="android.software.leanback"
16-->src\main\AndroidManifest.xml:10:9-49
17        android:required="true" />
17-->src\main\AndroidManifest.xml:11:9-32
18
19    <!-- Permissions -->
20    <uses-permission android:name="android.permission.INTERNET" />
20-->src\main\AndroidManifest.xml:14:5-67
20-->src\main\AndroidManifest.xml:14:22-64
21    <uses-permission android:name="android.permission.ACCESS_NETWORK_STATE" />
21-->src\main\AndroidManifest.xml:15:5-79
21-->src\main\AndroidManifest.xml:15:22-76
22    <uses-permission android:name="android.permission.RECEIVE_BOOT_COMPLETED" />
22-->src\main\AndroidManifest.xml:16:5-81
22-->src\main\AndroidManifest.xml:16:22-78
23    <uses-permission android:name="android.permission.SYSTEM_ALERT_WINDOW" />
23-->src\main\AndroidManifest.xml:17:5-78
23-->src\main\AndroidManifest.xml:17:22-75
24
25    <permission
25-->[androidx.core:core:1.9.0] AndroidManifest.xml:22:5-24:47
26        android:name="com.beckhome.tvwelcome.DYNAMIC_RECEIVER_NOT_EXPORTED_PERMISSION"
26-->[androidx.core:core:1.9.0] AndroidManifest.xml:23:9-81
27        android:protectionLevel="signature" />
27-->[androidx.core:core:1.9.0] AndroidManifest.xml:24:9-44
28
29    <uses-permission android:name="com.beckhome.tvwelcome.DYNAMIC_RECEIVER_NOT_EXPORTED_PERMISSION" />
29-->[androidx.core:core:1.9.0] AndroidManifest.xml:26:5-97
29-->[androidx.core:core:1.9.0] AndroidManifest.xml:26:22-94
30
31    <application
31-->src\main\AndroidManifest.xml:19:5-61:19
32        android:allowBackup="true"
32-->src\main\AndroidManifest.xml:20:9-35
33        android:appComponentFactory="androidx.core.app.CoreComponentFactory"
33-->[androidx.core:core:1.9.0] AndroidManifest.xml:28:18-86
34        android:debuggable="true"
35        android:extractNativeLibs="true"
36        android:label="Ferienwohnung Welcome"
36-->src\main\AndroidManifest.xml:21:9-46
37        android:supportsRtl="true"
37-->src\main\AndroidManifest.xml:22:9-35
38        android:testOnly="true"
39        android:theme="@style/Theme.AppCompat.NoActionBar"
39-->src\main\AndroidManifest.xml:23:9-59
40        android:usesCleartextTraffic="true" >
40-->src\main\AndroidManifest.xml:24:9-44
41
42        <!-- Main Kiosk Activity -->
43        <activity
43-->src\main\AndroidManifest.xml:27:9-41:20
44            android:name="com.beckhome.tvwelcome.MainActivity"
44-->src\main\AndroidManifest.xml:28:13-41
45            android:configChanges="orientation|keyboardHidden|screenSize"
45-->src\main\AndroidManifest.xml:29:13-74
46            android:exported="true"
46-->src\main\AndroidManifest.xml:30:13-36
47            android:launchMode="singleTask"
47-->src\main\AndroidManifest.xml:31:13-44
48            android:screenOrientation="landscape"
48-->src\main\AndroidManifest.xml:32:13-50
49            android:theme="@style/Theme.AppCompat.NoActionBar" >
49-->src\main\AndroidManifest.xml:33:13-63
50            <intent-filter>
50-->src\main\AndroidManifest.xml:35:13-40:29
51                <action android:name="android.intent.action.MAIN" />
51-->src\main\AndroidManifest.xml:36:17-69
51-->src\main\AndroidManifest.xml:36:25-66
52
53                <category android:name="android.intent.category.LEANBACK_LAUNCHER" />
53-->src\main\AndroidManifest.xml:37:17-86
53-->src\main\AndroidManifest.xml:37:27-83
54                <category android:name="android.intent.category.HOME" />
54-->src\main\AndroidManifest.xml:38:17-73
54-->src\main\AndroidManifest.xml:38:27-70
55                <category android:name="android.intent.category.DEFAULT" />
55-->src\main\AndroidManifest.xml:39:17-76
55-->src\main\AndroidManifest.xml:39:27-73
56            </intent-filter>
57        </activity>
58
59        <!-- Settings Activity -->
60        <activity
60-->src\main\AndroidManifest.xml:44:9-48:66
61            android:name="com.beckhome.tvwelcome.SettingsActivity"
61-->src\main\AndroidManifest.xml:45:13-45
62            android:exported="false"
62-->src\main\AndroidManifest.xml:46:13-37
63            android:screenOrientation="landscape"
63-->src\main\AndroidManifest.xml:47:13-50
64            android:theme="@style/Theme.AppCompat.NoActionBar" />
64-->src\main\AndroidManifest.xml:48:13-63
65
66        <!-- Boot Receiver for Auto-Start -->
67        <receiver
67-->src\main\AndroidManifest.xml:51:9-59:20
68            android:name="com.beckhome.tvwelcome.BootReceiver"
68-->src\main\AndroidManifest.xml:52:13-41
69            android:enabled="true"
69-->src\main\AndroidManifest.xml:53:13-35
70            android:exported="true" >
70-->src\main\AndroidManifest.xml:54:13-36
71            <intent-filter>
71-->src\main\AndroidManifest.xml:55:13-58:29
72                <action android:name="android.intent.action.BOOT_COMPLETED" />
72-->src\main\AndroidManifest.xml:56:17-79
72-->src\main\AndroidManifest.xml:56:25-76
73                <action android:name="android.intent.action.QUICKBOOT_POWERON" />
73-->src\main\AndroidManifest.xml:57:17-82
73-->src\main\AndroidManifest.xml:57:25-79
74            </intent-filter>
75        </receiver>
76
77        <provider
77-->[androidx.emoji2:emoji2:1.2.0] AndroidManifest.xml:24:9-32:20
78            android:name="androidx.startup.InitializationProvider"
78-->[androidx.emoji2:emoji2:1.2.0] AndroidManifest.xml:25:13-67
79            android:authorities="com.beckhome.tvwelcome.androidx-startup"
79-->[androidx.emoji2:emoji2:1.2.0] AndroidManifest.xml:26:13-68
80            android:exported="false" >
80-->[androidx.emoji2:emoji2:1.2.0] AndroidManifest.xml:27:13-37
81            <meta-data
81-->[androidx.emoji2:emoji2:1.2.0] AndroidManifest.xml:29:13-31:52
82                android:name="androidx.emoji2.text.EmojiCompatInitializer"
82-->[androidx.emoji2:emoji2:1.2.0] AndroidManifest.xml:30:17-75
83                android:value="androidx.startup" />
83-->[androidx.emoji2:emoji2:1.2.0] AndroidManifest.xml:31:17-49
84            <meta-data
84-->[androidx.lifecycle:lifecycle-process:2.4.1] AndroidManifest.xml:31:13-33:52
85                android:name="androidx.lifecycle.ProcessLifecycleInitializer"
85-->[androidx.lifecycle:lifecycle-process:2.4.1] AndroidManifest.xml:32:17-78
86                android:value="androidx.startup" />
86-->[androidx.lifecycle:lifecycle-process:2.4.1] AndroidManifest.xml:33:17-49
87        </provider>
88    </application>
89
90</manifest>